this string would be logged
function: greet positional parameters: none keyword parameters: none return: None
function: check_args positional parameters: [1, 2, 3] keyword parameters: none return: True
function: func_with_kwargs positional parameters: none keyword parameters: {'a': 10, 'b': 20} return: <function logger_decorator at 0x000001C8E3F114E0>
this string would be logged
this string would be logged
this string would be logged
this string would be logged
this string would be logged
this string would be logged
this string would be logged
this string would be logged
this string would be logged
print_name
myfunction
myfunction1
this string would be logged
print_name
()
{}
None
myfunction
(1, 2, True)
{}
True
myfunction1
()
{'a': 1, 'b': False}
<function logger_decorator at 0x000001AAB9081440>
this string would be logged
print_name
()
{}
None
myfunction
(1, 2, True)
{}
True
myfunction1
()
{'a': 1, 'b': False}
<function logger_decorator at 0x000001EC6D521440>
this string would be logged
print_name
()
{}
None
myfunction
(1, 2, True)
{}
True
myfunction1
()
{'a': 1, 'b': False}
<function logger_decorator at 0x0000018D26DA14E0>
